<?xml version="1.0" encoding="UTF-8"?>
<!-- Generated by org.testng.reporters.JUnitXMLReporter -->
<testsuite ignored="0" hostname="LAPTOP-PFU81U10" failures="1" tests="6" name="Personal Loan" time="0.055" errors="0" timestamp="2024-09-11T15:22:08 IST">
  <testcase classname="test.day1" name="methodDisplayForDay1" time="0.008">
    <failure type="java.lang.AssertionError" message="expected [true] but found [false]">
      <![CDATA[java.lang.AssertionError: expected [true] but found [false]
at test.day1.methodDisplayForDay1(day1.java:15)
at java.base/java.util.ArrayList.forEach(ArrayList.java:1597)
at java.base/java.util.concurrent.FutureTask.run(FutureTask.java:317)
at java.base/java.util.concurrent.ThreadPoolExecutor.runWorker(ThreadPoolExecutor.java:1144)
at java.base/java.util.concurrent.ThreadPoolExecutor$Worker.run(ThreadPoolExecutor.java:642)
at java.base/java.lang.Thread.run(Thread.java:1570)
... Removed 20 stack frames]]>
    </failure>
  </testcase> <!-- methodDisplayForDay1 -->
  <testcase classname="test.day2" name="methodDisplayForDay2" time="0.001"/>
  <testcase classname="test.day4" name="LoginAPIHomeLoan" time="0.001"/>
  <testcase classname="test.day4" name="MobileLoginHomeLoan" time="0.004"/>
  <testcase classname="test.day4" name="webLoginHomeLoan" time="0.001"/>
  <testcase classname="test.day2" name="methodDisplayDuplicateForDay2" time="0.001"/>
</testsuite> <!-- Personal Loan -->
